Using pre-set license
Built from '2021.2/staging' branch; Version is '2021.2.17f1 (efb8f635e7b1) revision 15710454'; Using compiler version '192829333'; Build Type 'Release'
OS: 'Windows 10  (10.0.19041) 64bit Professional' Language: 'ko' Physical Memory: 65488 MB
BatchMode: 1, IsHumanControllingUs: 0, StartBugReporterOnCrash: 0, Is64bit: 1, IsPro: 1

COMMAND LINE ARGUMENTS:
C:\Program Files\Unity\Hub\Editor\2021.2.17f1\Editor\Unity.exe
-adb2
-batchMode
-noUpm
-name
AssetImportWorker8
-projectPath
D:/06_RnD_Unity/UnityQuickSearch/QuickSearch
-logFile
Logs/AssetImportWorker8.log
-srvPort
55789
Successfully changed project path to: D:/06_RnD_Unity/UnityQuickSearch/QuickSearch
D:/06_RnD_Unity/UnityQuickSearch/QuickSearch
[UnityMemory] Configuration Parameters - Can be set up in boot.config
    "memorysetup-bucket-allocator-granularity=16"
    "memorysetup-bucket-allocator-bucket-count=8"
    "memorysetup-bucket-allocator-block-size=33554432"
    "memorysetup-bucket-allocator-block-count=8"
    "memorysetup-main-allocator-block-size=16777216"
    "memorysetup-thread-allocator-block-size=16777216"
    "memorysetup-gfx-main-allocator-block-size=16777216"
    "memorysetup-gfx-thread-allocator-block-size=16777216"
    "memorysetup-cache-allocator-block-size=4194304"
    "memorysetup-typetree-allocator-block-size=2097152"
    "memorysetup-profiler-bucket-allocator-granularity=16"
    "memorysetup-profiler-bucket-allocator-bucket-count=8"
    "memorysetup-profiler-bucket-allocator-block-size=33554432"
    "memorysetup-profiler-bucket-allocator-block-count=8"
    "memorysetup-profiler-allocator-block-size=16777216"
    "memorysetup-profiler-editor-allocator-block-size=1048576"
    "memorysetup-temp-allocator-size-main=16777216"
    "memorysetup-job-temp-allocator-block-size=2097152"
    "memorysetup-job-temp-allocator-block-size-background=1048576"
    "memorysetup-job-temp-allocator-reduction-small-platforms=262144"
    "memorysetup-temp-allocator-size-background-worker=32768"
    "memorysetup-temp-allocator-size-job-worker=262144"
    "memorysetup-temp-allocator-size-preload-manager=33554432"
    "memorysetup-temp-allocator-size-nav-mesh-worker=65536"
    "memorysetup-temp-allocator-size-audio-worker=65536"
    "memorysetup-temp-allocator-size-cloud-worker=32768"
    "memorysetup-temp-allocator-size-gi-baking-worker=262144"
    "memorysetup-temp-allocator-size-gfx=262144"
Refreshing native plugins compatible for Editor in 51.52 ms, found 2 plugins.
Preloading 0 native plugins for Editor in 0.00 ms.
Initialize engine version: 2021.2.17f1 (efb8f635e7b1)
[Subsystems] Discovering subsystems at path C:/Program Files/Unity/Hub/Editor/2021.2.17f1/Editor/Data/Resources/UnitySubsystems
[Subsystems] Discovering subsystems at path D:/06_RnD_Unity/UnityQuickSearch/QuickSearch/Assets
GfxDevice: creating device client; threaded=0; jobified=0
Direct3D:
    Version:  Direct3D 11.0 [level 11.1]
    Renderer: NVIDIA GeForce RTX 2070 SUPER (ID=0x1e84)
    Vendor:   NVIDIA
    VRAM:     8011 MB
    Driver:   27.21.14.5671
Initialize mono
Mono path[0] = 'C:/Program Files/Unity/Hub/Editor/2021.2.17f1/Editor/Data/Managed'
Mono path[1] = 'C:/Program Files/Unity/Hub/Editor/2021.2.17f1/Editor/Data/MonoBleedingEdge/lib/mono/unityjit-win32'
Mono config path = 'C:/Program Files/Unity/Hub/Editor/2021.2.17f1/Editor/Data/MonoBleedingEdge/etc'
Using monoOptions --debugger-agent=transport=dt_socket,embedding=1,server=y,suspend=n,address=127.0.0.1:56108
Begin MonoManager ReloadAssembly
Registering precompiled unity dll's ...
Register platform support module: C:/Program Files/Unity/Hub/Editor/2021.2.17f1/Editor/Data/PlaybackEngines/AndroidPlayer/UnityEditor.Android.Extensions.dll
Register platform support module: C:/Program Files/Unity/Hub/Editor/2021.2.17f1/Editor/Data/PlaybackEngines/WindowsStandaloneSupport/UnityEditor.WindowsStandalone.Extensions.dll
Registered in 0.028178 seconds.
Native extension for WindowsStandalone target not found
Native extension for Android target not found
Refreshing native plugins compatible for Editor in 49.51 ms, found 2 plugins.
Preloading 0 native plugins for Editor in 0.00 ms.
Mono: successfully reloaded assembly
- Completed reload, in  0.813 seconds
Domain Reload Profiling:
	ReloadAssembly (814ms)
		BeginReloadAssembly (176ms)
			ExecutionOrderSort (0ms)
			DisableScriptedObjects (0ms)
			BackupInstance (0ms)
			ReleaseScriptingObjects (0ms)
			CreateAndSetChildDomain (1ms)
		EndReloadAssembly (453ms)
			LoadAssemblies (164ms)
			RebuildTransferFunctionScriptingTraits (0ms)
			SetupTypeCache (110ms)
			ReleaseScriptCaches (0ms)
			RebuildScriptCaches (25ms)
			SetupLoadedEditorAssemblies (258ms)
				LogAssemblyErrors (0ms)
				InitializePlatformSupportModulesInManaged (70ms)
				SetLoadedEditorAssemblies (0ms)
				RefreshPlugins (50ms)
				BeforeProcessingInitializeOnLoad (1ms)
				ProcessInitializeOnLoadAttributes (92ms)
				ProcessInitializeOnLoadMethodAttributes (45ms)
				AfterProcessingInitializeOnLoad (0ms)
				EditorAssembliesLoaded (0ms)
			ExecutionOrderSort2 (0ms)
			AwakeInstancesAfterBackupRestoration (0ms)
Platform modules already initialized, skipping
Registering precompiled user dll's ...
Registered in 0.009332 seconds.
Begin MonoManager ReloadAssembly
Native extension for WindowsStandalone target not found
Native extension for Android target not found
Refreshing native plugins compatible for Editor in 47.54 ms, found 2 plugins.
Preloading 0 native plugins for Editor in 0.00 ms.
Mono: successfully reloaded assembly
- Completed reload, in  1.470 seconds
Domain Reload Profiling:
	ReloadAssembly (1471ms)
		BeginReloadAssembly (279ms)
			ExecutionOrderSort (0ms)
			DisableScriptedObjects (5ms)
			BackupInstance (0ms)
			ReleaseScriptingObjects (0ms)
			CreateAndSetChildDomain (133ms)
		EndReloadAssembly (1064ms)
			LoadAssemblies (136ms)
			RebuildTransferFunctionScriptingTraits (0ms)
			SetupTypeCache (199ms)
			ReleaseScriptCaches (1ms)
			RebuildScriptCaches (44ms)
			SetupLoadedEditorAssemblies (686ms)
				LogAssemblyErrors (0ms)
				InitializePlatformSupportModulesInManaged (29ms)
				SetLoadedEditorAssemblies (0ms)
				RefreshPlugins (48ms)
				BeforeProcessingInitializeOnLoad (82ms)
				ProcessInitializeOnLoadAttributes (428ms)
				ProcessInitializeOnLoadMethodAttributes (68ms)
				AfterProcessingInitializeOnLoad (31ms)
				EditorAssembliesLoaded (0ms)
			ExecutionOrderSort2 (0ms)
			AwakeInstancesAfterBackupRestoration (10ms)
Platform modules already initialized, skipping
========================================================================
Worker process is ready to serve import requests
Launched and connected shader compiler UnityShaderCompiler.exe after 0.07 seconds
Refreshing native plugins compatible for Editor in 0.97 ms, found 2 plugins.
Preloading 0 native plugins for Editor in 0.00 ms.
Unloading 3305 Unused Serialized files (Serialized files now loaded: 0)
Unloading 26 unused Assets / (0.7 MB). Loaded Objects now: 3765.
Memory consumption went from 153.1 MB to 152.4 MB.
Total: 3.475500 ms (FindLiveObjects: 0.308800 ms CreateObjectMapping: 0.100300 ms MarkObjects: 2.766600 ms  DeleteObjects: 0.298800 ms)

AssetImportParameters requested are different than current active one (requested -> active):
  custom:video-decoder-ogg-theora: a1e56fd34408186e4bbccfd4996cb3dc -> 
  custom:container-muxer-webm: aa71ff27fc2769a1b78a27578f13a17b -> 
  custom:container-demuxer-webm: 4f35f7cbe854078d1ac9338744f61a02 -> 
  custom:video-encoder-webm-vp8: eb34c28f22e8b96e1ab97ce403110664 -> 
  custom:audio-encoder-webm-vorbis: bf7c407c2cedff20999df2af8eb42d56 -> 
  custom:framework-win-MediaFoundation: 216162199b28c13a410421893ffa2e32 -> 
  custom:SearchIndexIgnoredProperties: e643bd26f0fe6173181afceb89e7c659 -> 
  custom:container-demuxer-ogg: 62fdf1f143b41e24485cea50d1cbac27 -> 
  custom:video-decoder-webm-vp8: 9c59270c3fd7afecdb556c50c9e8de78 -> 
  custom:audio-decoder-ogg-vorbis: bf7c407c2cedff20999df2af8eb42d56 -> 
========================================================================
Received Import Request.
  Time since last request: 8494.063027 seconds.
  path: Assets/Search/t_prefab_-fbx.asset
  artifactKey: Guid(5185d3524eed11f41bbdcf4ce4e35d72) Importer(815301076,1909f56bfc062723c751e8b465ee728b)
Start importing Assets/Search/t_prefab_-fbx.asset using Guid(5185d3524eed11f41bbdcf4ce4e35d72) Importer(815301076,1909f56bfc062723c751e8b465ee728b)  -> (artifact id: '1fe5213e19201cfda84f460590fb40c8') in 0.040971 seconds 
========================================================================
Received Import Request.
  Time since last request: 0.870663 seconds.
  path: Assets/Search/t_prefab_-fbx.asset
  artifactKey: Guid(5185d3524eed11f41bbdcf4ce4e35d72) Importer(2089858483,192608db42251d675da83286b1cce702)
Start importing Assets/Search/t_prefab_-fbx.asset using Guid(5185d3524eed11f41bbdcf4ce4e35d72) Importer(2089858483,192608db42251d675da83286b1cce702) [MODES] ModeService[none].Initialize
[MODES] ModeService[none].LoadModes
[MODES] Loading mode Default (0) for mode-current-id-QuickSearch
Generated GUIDs only implemented for interfaces!
 -> (artifact id: 'b3cdee2021e9dfc131c3852297149ddd') in 0.218481 seconds 
========================================================================
Received Import Request.
  Time since last request: 433.967299 seconds.
  path: Assets/Scenes/SampleScene.unity
  artifactKey: Guid(d1c3109bdb54ad54c8a2b2838528e640) Importer(2089858483,192608db42251d675da83286b1cce702)
Start importing Assets/Scenes/SampleScene.unity using Guid(d1c3109bdb54ad54c8a2b2838528e640) Importer(2089858483,192608db42251d675da83286b1cce702) Generated GUIDs only implemented for interfaces!
 -> (artifact id: '9ba67886f5f5b686a7438547f3bbaa5a') in 0.010272 seconds 
========================================================================
Received Import Request.
  Time since last request: 154.500163 seconds.
  path: Assets/CSV
  artifactKey: Guid(3a61d98e570ca66458a8039d5f9a81b4) Importer(2089858483,192608db42251d675da83286b1cce702)
Start importing Assets/CSV using Guid(3a61d98e570ca66458a8039d5f9a81b4) Importer(2089858483,192608db42251d675da83286b1cce702) Generated GUIDs only implemented for interfaces!
 -> (artifact id: '655dc64c3fcd8dd2abc0b89cc4e7a87c') in 0.008751 seconds 
========================================================================
Received Import Request.
  Time since last request: 0.911475 seconds.
  path: Assets/CSV/Prefabs.csv
  artifactKey: Guid(be9ca4ed4d1d4e4468db4d59c993590b) Importer(815301076,1909f56bfc062723c751e8b465ee728b)
Start importing Assets/CSV/Prefabs.csv using Guid(be9ca4ed4d1d4e4468db4d59c993590b) Importer(815301076,1909f56bfc062723c751e8b465ee728b)  -> (artifact id: 'b0e180f7d5bb781be781732ff1ed2664') in 0.010783 seconds 
========================================================================
Received Import Request.
  Time since last request: 37.301351 seconds.
  path: Assets/CSV/Prefabs.csv
  artifactKey: Guid(be9ca4ed4d1d4e4468db4d59c993590b) Importer(815301076,1909f56bfc062723c751e8b465ee728b)
Start importing Assets/CSV/Prefabs.csv using Guid(be9ca4ed4d1d4e4468db4d59c993590b) Importer(815301076,1909f56bfc062723c751e8b465ee728b)  -> (artifact id: '884fae97be6964634ab7be8c0a0acfe6') in 0.003955 seconds 
========================================================================
Received Import Request.
  Time since last request: 1.006406 seconds.
  path: Assets/CSV/Prefabs.csv
  artifactKey: Guid(be9ca4ed4d1d4e4468db4d59c993590b) Importer(2089858483,192608db42251d675da83286b1cce702)
Start importing Assets/CSV/Prefabs.csv using Guid(be9ca4ed4d1d4e4468db4d59c993590b) Importer(2089858483,192608db42251d675da83286b1cce702) Generated GUIDs only implemented for interfaces!
 -> (artifact id: 'daea866d0f125416fc2e05d8c88853a9') in 0.007155 seconds 
